<?xml version="1.0" encoding="UTF-8"?>
<robot generator="Robot 7.3.2 (Python 3.12.3 on linux)" generated="2025-09-19T16:02:36.405104" rpa="false" schemaversion="5">
<suite id="s1" name="Open App Test" source="/media/adhika/Data/Pre-IP batch 54/week 1/QA-Automation-PreIP/tests/open_app_test.robot">
<test id="s1-t1" name="Open Chrome App" line="6">
<kw name="Open Application" owner="AppiumLibrary">
<arg>http://127.0.0.1:4723</arg>
<arg>platformName=Android</arg>
<arg>deviceName=emulator-5554</arg>
<arg>automationName=UiAutomator2</arg>
<arg>appPackage=com.android.chrome</arg>
<arg>appActivity=com.google.android.apps.chrome.Main</arg>
<doc>Opens a new application to the given Appium server.
Capabilities of appium server, Android and iOS,
Please check https://appium.io/docs/en/2.19/guides/caps/
| *Option*            | *Man.* | *Description*     |
| remote_url          | Yes    | Appium server url |
| alias               | No     | alias             |</doc>
<status status="PASS" start="2025-09-19T16:02:36.549391" elapsed="3.509747"/>
</kw>
<kw name="Sleep" owner="BuiltIn">
<msg time="2025-09-19T16:02:45.059834" level="INFO">Slept 5 seconds.</msg>
<arg>5s</arg>
<doc>Pauses the test executed for the given time.</doc>
<status status="PASS" start="2025-09-19T16:02:40.059440" elapsed="5.000575"/>
</kw>
<kw name="Close Application" owner="AppiumLibrary">
<doc>Closes the current application and the webdriver session.</doc>
<status status="PASS" start="2025-09-19T16:02:45.060286" elapsed="0.404549"/>
</kw>
<status status="PASS" start="2025-09-19T16:02:36.548580" elapsed="8.916499"/>
</test>
<status status="PASS" start="2025-09-19T16:02:36.406217" elapsed="9.059659"/>
</suite>
<statistics>
<total>
<stat pass="1" fail="0" skip="0">All Tests</stat>
</total>
<tag>
</tag>
<suite>
<stat name="Open App Test" id="s1" pass="1" fail="0" skip="0">Open App Test</stat>
</suite>
</statistics>
<errors>
</errors>
</robot>
