<?xml version="1.0" encoding="UTF-8"?>
<robot generator="Robot 7.3.2 (Python 3.12.3 on linux)" generated="2025-09-18T22:45:37.174585" rpa="false" schemaversion="5">
<suite id="s1" name="Open App Test" source="/media/adhika/Data/Pre-IP batch 54/week 1/qa/test/tests/open_app_test.robot">
<test id="s1-t1" name="Open Chrome App" line="6">
<kw name="Open Application" owner="AppiumLibrary">
<kw name="Capture Page Screenshot" owner="AppiumLibrary">
<msg time="2025-09-18T22:45:37.444837" level="FAIL">No application is open</msg>
<doc>Takes a screenshot of the current page and embeds it into the log.</doc>
<status status="FAIL" start="2025-09-18T22:45:37.444545" elapsed="0.002100">No application is open</status>
</kw>
<msg time="2025-09-18T22:45:37.447528" level="WARN">Keyword 'Capture Page Screenshot' could not be run on failure: No application is open</msg>
<msg time="2025-09-18T22:45:37.447735" level="FAIL">WebDriverException: Message: Neither ANDROID_HOME nor ANDROID_SDK_ROOT environment variable was exported. Read https://developer.android.com/studio/command-line/variables for more details
Stacktrace:
UnknownError: Neither ANDROID_HOME nor ANDROID_SDK_ROOT environment variable was exported. Read https://developer.android.com/studio/command-line/variables for more details
    at getResponseForW3CError (/home/adhika/.nvm/versions/node/v22.19.0/lib/node_modules/appium/node_modules/@appium/base-driver/lib/protocol/errors.ts:1103:34)
    at asyncHandler (/home/adhika/.nvm/versions/node/v22.19.0/lib/node_modules/appium/node_modules/@appium/base-driver/lib/protocol/protocol.ts:507:57)
The above error is caused by
Error: Neither ANDROID_HOME nor ANDROID_SDK_ROOT environment variable was exported. Read https://developer.android.com/studio/command-line/variables for more details
    at requireSdkRoot (/home/adhika/.appium/node_modules/appium-uiautomator2-driver/node_modules/appium-adb/lib/helpers.js:77:11)
    at Function.createADB (/home/adhika/.appium/node_modules/appium-uiautomator2-driver/node_modules/appium-adb/lib/adb.ts:131:39)
    at createBaseADB (/home/adhika/.appium/node_modules/appium-uiautomator2-driver/node_modules/appium-android-driver/lib/commands/device/utils.js:137:20)
    at AndroidUiautomator2Driver.getDeviceInfoFromCaps (/home/adhika/.appium/node_modules/appium-uiautomator2-driver/node_modules/appium-android-driver/lib/commands/device/common.js:29:34)
    at AndroidUiautomator2Driver.createSession (/home/adhika/.appium/node_modules/appium-uiautomator2-driver/lib/driver.ts:361:41)
    at AppiumDriver.createSession (/home/adhika/.nvm/versions/node/v22.19.0/lib/node_modules/appium/lib/appium.js:360:35)</msg>
<arg>http://127.0.0.1:4723</arg>
<arg>platformName=Android</arg>
<arg>deviceName=emulator-5554</arg>
<arg>automationName=UiAutomator2</arg>
<arg>appPackage=com.android.chrome</arg>
<arg>appActivity=com.google.android.apps.chrome.Main</arg>
<doc>Opens a new application to the given Appium server.
Capabilities of appium server, Android and iOS,
Please check https://appium.io/docs/en/2.19/guides/caps/
| *Option*            | *Man.* | *Description*     |
| remote_url          | Yes    | Appium server url |
| alias               | No     | alias             |</doc>
<status status="FAIL" start="2025-09-18T22:45:37.318850" elapsed="0.129410">WebDriverException: Message: Neither ANDROID_HOME nor ANDROID_SDK_ROOT environment variable was exported. Read https://developer.android.com/studio/command-line/variables for more details
Stacktrace:
UnknownError: Neither ANDROID_HOME nor ANDROID_SDK_ROOT environment variable was exported. Read https://developer.android.com/studio/command-line/variables for more details
    at getResponseForW3CError (/home/adhika/.nvm/versions/node/v22.19.0/lib/node_modules/appium/node_modules/@appium/base-driver/lib/protocol/errors.ts:1103:34)
    at asyncHandler (/home/adhika/.nvm/versions/node/v22.19.0/lib/node_modules/appium/node_modules/@appium/base-driver/lib/protocol/protocol.ts:507:57)
The above error is caused by
Error: Neither ANDROID_HOME nor ANDROID_SDK_ROOT environment variable was exported. Read https://developer.android.com/studio/command-line/variables for more details
    at requireSdkRoot (/home/adhika/.appium/node_modules/appium-uiautomator2-driver/node_modules/appium-adb/lib/helpers.js:77:11)
    at Function.createADB (/home/adhika/.appium/node_modules/appium-uiautomator2-driver/node_modules/appium-adb/lib/adb.ts:131:39)
    at createBaseADB (/home/adhika/.appium/node_modules/appium-uiautomator2-driver/node_modules/appium-android-driver/lib/commands/device/utils.js:137:20)
    at AndroidUiautomator2Driver.getDeviceInfoFromCaps (/home/adhika/.appium/node_modules/appium-uiautomator2-driver/node_modules/appium-android-driver/lib/commands/device/common.js:29:34)
    at AndroidUiautomator2Driver.createSession (/home/adhika/.appium/node_modules/appium-uiautomator2-driver/lib/driver.ts:361:41)
    at AppiumDriver.createSession (/home/adhika/.nvm/versions/node/v22.19.0/lib/node_modules/appium/lib/appium.js:360:35)</status>
</kw>
<kw name="Sleep" owner="BuiltIn">
<arg>5s</arg>
<doc>Pauses the test executed for the given time.</doc>
<status status="NOT RUN" start="2025-09-18T22:45:37.448437" elapsed="0.000023"/>
</kw>
<kw name="Close Application" owner="AppiumLibrary">
<doc>Closes the current application and the webdriver session.</doc>
<status status="NOT RUN" start="2025-09-18T22:45:37.448565" elapsed="0.000023"/>
</kw>
<status status="FAIL" start="2025-09-18T22:45:37.317998" elapsed="0.131019">WebDriverException: Message: Neither ANDROID_HOME nor ANDROID_SDK_ROOT environment variable was exported. Read https://developer.android.com/studio/command-line/variables for more details
Stacktrace:
UnknownError: Neither ANDROID_HOME nor ANDROID_SDK_ROOT environment variable was exported. Read https://developer.android.com/studio/command-line/variables for more details
    at getResponseForW3CError (/home/adhika/.nvm/versions/node/v22.19.0/lib/node_modules/appium/node_modules/@appium/base-driver/lib/protocol/errors.ts:1103:34)
    at asyncHandler (/home/adhika/.nvm/versions/node/v22.19.0/lib/node_modules/appium/node_modules/@appium/base-driver/lib/protocol/protocol.ts:507:57)
The above error is caused by
Error: Neither ANDROID_HOME nor ANDROID_SDK_ROOT environment variable was exported. Read https://developer.android.com/studio/command-line/variables for more details
    at requireSdkRoot (/home/adhika/.appium/node_modules/appium-uiautomator2-driver/node_modules/appium-adb/lib/helpers.js:77:11)
    at Function.createADB (/home/adhika/.appium/node_modules/appium-uiautomator2-driver/node_modules/appium-adb/lib/adb.ts:131:39)
    at createBaseADB (/home/adhika/.appium/node_modules/appium-uiautomator2-driver/node_modules/appium-android-driver/lib/commands/device/utils.js:137:20)
    at AndroidUiautomator2Driver.getDeviceInfoFromCaps (/home/adhika/.appium/node_modules/appium-uiautomator2-driver/node_modules/appium-android-driver/lib/commands/device/common.js:29:34)
    at AndroidUiautomator2Driver.createSession (/home/adhika/.appium/node_modules/appium-uiautomator2-driver/lib/driver.ts:361:41)
    at AppiumDriver.createSession (/home/adhika/.nvm/versions/node/v22.19.0/lib/node_modules/appium/lib/appium.js:360:35)</status>
</test>
<status status="FAIL" start="2025-09-18T22:45:37.175709" elapsed="0.273764"/>
</suite>
<statistics>
<total>
<stat pass="0" fail="1" skip="0">All Tests</stat>
</total>
<tag>
</tag>
<suite>
<stat name="Open App Test" id="s1" pass="0" fail="1" skip="0">Open App Test</stat>
</suite>
</statistics>
<errors>
<msg time="2025-09-18T22:45:37.447528" level="WARN">Keyword 'Capture Page Screenshot' could not be run on failure: No application is open</msg>
</errors>
</robot>
